<?xml version="1.0" encoding="UTF-8"?>
<!-- Generated by org.testng.reporters.JUnitReportReporter -->
<testsuite hostname="SDS-IT-015" failures="0" tests="7" name="SmartData_Appilcation.SmartData_App" time="873.985" errors="0" timestamp="04 Nov 2020 05:00:01 GMT" skipped="0">
  <testcase classname="SmartData_Appilcation.SmartData_App" name="SmartData_Whoweare" time="99.491"/>
  <testcase classname="SmartData_Appilcation.SmartData_App" name="WhatWeDo" time="282.213"/>
  <testcase classname="SmartData_Appilcation.SmartData_App" name="SmartData_WorkHere" time="30.283"/>
  <testcase classname="SmartData_Appilcation.SmartData_App" name="smartData_lunchLearn" time="63.101"/>
  <testcase classname="SmartData_Appilcation.SmartData_App" name="smartData_AboutUs" time="101.393"/>
  <testcase classname="SmartData_Appilcation.SmartData_App" name="SmartData_ContactUs" time="47.979"/>
  <testcase classname="SmartData_Appilcation.SmartData_App" name="SmartData_Footer" time="249.525"/>
</testsuite> <!-- SmartData_Appilcation.SmartData_App -->
