<?xml version="1.0" encoding="UTF-8"?>
<!-- Generated by org.testng.reporters.JUnitReportReporter -->
<testsuite hostname="DESKTOP-E1H3COG" failures="0" tests="7" name="SmartData_Appilcation.SmartData_App" time="759.294" errors="0" timestamp="17 Nov 2020 09:24:24 GMT" skipped="0">
  <testcase classname="SmartData_Appilcation.SmartData_App" name="SmartData_Whoweare" time="32.890"/>
  <testcase classname="SmartData_Appilcation.SmartData_App" name="WhatWeDo" time="268.551"/>
  <testcase classname="SmartData_Appilcation.SmartData_App" name="SmartData_WorkHere" time="38.471"/>
  <testcase classname="SmartData_Appilcation.SmartData_App" name="SmartData_lunchLearn" time="35.215"/>
  <testcase classname="SmartData_Appilcation.SmartData_App" name="smartData_AboutUs" time="112.634"/>
  <testcase classname="SmartData_Appilcation.SmartData_App" name="SmartData_ContactUs" time="58.029"/>
  <testcase classname="SmartData_Appilcation.SmartData_App" name="SmartData_Footer" time="213.504"/>
</testsuite> <!-- SmartData_Appilcation.SmartData_App -->
